============================= test session starts =============================
platform win32 -- Python 3.13.3, pytest-8.4.1, pluggy-1.6.0
rootdir: C:\Users\ET\Desktop\Formations\Mes Formations\Formation Python\IB - LI249\Cours-Exercices\Cours\Tests\mon_projet_pytest
plugins: cov-6.2.1
collected 8 items

tests\test_addition.py ......                                            [ 75%]
tests\test_division.py ..                                                [100%]

=============================== tests coverage ================================
_______________ coverage: platform win32, python 3.13.3-final-0 _______________

Name                  Stmts   Miss  Cover   Missing
---------------------------------------------------
src\calculatrice.py       6      0   100%
---------------------------------------------------
TOTAL                     6      0   100%
============================== 8 passed in 0.06s ==============================
